2017-05-07 13:38:42,388 INFO c.b.t.c.NodeMapper [main] mapIfNeeded: used strategy is: scientific_name
2017-05-07 13:38:42,396 INFO c.b.t.c.NodeMapper [main] mapIfNeeded: needs to be mapped
2017-05-07 13:38:44,745 INFO c.b.t.c.NodeMapper [main] mapIfNeeded: node does not have authority
2017-05-07 13:38:44,745 INFO c.b.t.c.NodeMapper [main] mapIfNeeded: before mapNode
2017-05-07 13:38:44,753 INFO c.b.t.c.NodeMapper [main] map Node : not virus neither surrogate
2017-05-07 13:38:46,162 INFO c.b.t.c.NodeMapper [main] depth is: 1
2017-05-07 13:38:46,163 INFO c.b.t.c.NodeMapper [main] depth is less than max depth and will call recursion
2017-05-07 13:38:46,182 INFO c.b.t.c.NodeMapper [main] depth is: 2
2017-05-07 13:38:46,182 INFO c.b.t.c.NodeMapper [main] depth is less than max depth and will call recursion
2017-05-07 13:38:46,189 INFO c.b.t.c.NodeMapper [main] depth is: 3
2017-05-07 13:38:46,190 INFO c.b.t.c.NodeMapper [main] depth is less than max depth and will call recursion
2017-05-07 13:38:46,210 INFO c.b.t.c.NodeMapper [main] depth is: 4
2017-05-07 13:38:46,212 INFO c.b.t.c.NodeMapper [main] depth is less than max depth and will call recursion
2017-05-07 13:38:46,255 INFO c.b.t.c.NodeMapper [main] depth is: 5
2017-05-07 13:38:46,255 INFO c.b.t.c.NodeMapper [main] depth is less than max depth and will call recursion
2017-05-07 13:38:46,267 INFO c.b.t.c.NodeMapper [main] depth is: 6
2017-05-07 13:38:46,267 INFO c.b.t.c.NodeMapper [main] depth is greater than max depth
2017-05-07 13:38:46,267 INFO c.b.t.c.NodeMapper [main] New page is created for node named: kak
2017-05-07 13:38:46,267 INFO c.b.t.c.NodeMapper [main] ====================children=================
2017-05-07 13:38:46,267 INFO c.b.t.c.NodeMapper [main] Inside Map Node method
2017-05-07 13:38:46,269 INFO c.b.t.c.NodeMapper [main] mapNodes: mapping node: tat
2017-05-07 13:38:46,270 INFO c.b.t.c.NodeMapper [main] mapIfNeeded: used strategy is: scientific_name
2017-05-07 13:38:46,270 INFO c.b.t.c.NodeMapper [main] mapIfNeeded: needs to be mapped
2017-05-07 13:38:46,272 INFO c.b.t.c.NodeMapper [main] mapIfNeeded: node does not have authority
2017-05-07 13:38:46,274 INFO c.b.t.c.NodeMapper [main] mapIfNeeded: before mapNode
2017-05-07 13:38:46,278 INFO c.b.t.c.NodeMapper [main] map Node : not virus neither surrogate
2017-05-07 13:38:46,291 INFO c.b.t.c.NodeMapper [main] depth is: 1
2017-05-07 13:38:46,292 INFO c.b.t.c.NodeMapper [main] depth is less than max depth and will call recursion
2017-05-07 13:38:46,306 INFO c.b.t.c.NodeMapper [main] depth is: 2
2017-05-07 13:38:46,306 INFO c.b.t.c.NodeMapper [main] depth is less than max depth and will call recursion
2017-05-07 13:38:46,318 INFO c.b.t.c.NodeMapper [main] depth is: 3
2017-05-07 13:38:46,318 INFO c.b.t.c.NodeMapper [main] depth is less than max depth and will call recursion
2017-05-07 13:38:46,333 INFO c.b.t.c.NodeMapper [main] depth is: 4
2017-05-07 13:38:46,333 INFO c.b.t.c.NodeMapper [main] depth is less than max depth and will call recursion
2017-05-07 13:38:46,345 INFO c.b.t.c.NodeMapper [main] depth is: 5
2017-05-07 13:38:46,345 INFO c.b.t.c.NodeMapper [main] depth is less than max depth and will call recursion
2017-05-07 13:38:46,398 INFO c.b.t.c.NodeMapper [main] depth is: 6
2017-05-07 13:38:46,398 INFO c.b.t.c.NodeMapper [main] depth is greater than max depth
2017-05-07 13:38:46,398 INFO c.b.t.c.NodeMapper [main] New page is created for node named: tat
2017-05-07 13:51:29,527 INFO c.b.t.c.NodeMapper [main] mapIfNeeded: used strategy is: scientific_name
2017-05-07 13:51:29,534 INFO c.b.t.c.NodeMapper [main] mapIfNeeded: needs to be mapped
2017-05-07 13:51:31,842 INFO c.b.t.c.NodeMapper [main] mapIfNeeded: node does not have authority
2017-05-07 13:51:31,843 INFO c.b.t.c.NodeMapper [main] mapIfNeeded: before mapNode
2017-05-07 13:51:31,859 INFO c.b.t.c.NodeMapper [main] map Node : not virus neither surrogate
2017-05-07 13:51:33,459 INFO c.b.t.c.NodeMapper [main] depth is: 1
2017-05-07 13:51:33,486 INFO c.b.t.c.NodeMapper [main] depth is less than max depth and will call recursion
2017-05-07 13:51:33,495 INFO c.b.t.c.NodeMapper [main] depth is: 2
2017-05-07 13:51:33,495 INFO c.b.t.c.NodeMapper [main] depth is less than max depth and will call recursion
2017-05-07 13:51:33,540 INFO c.b.t.c.NodeMapper [main] depth is: 3
2017-05-07 13:51:33,540 INFO c.b.t.c.NodeMapper [main] depth is less than max depth and will call recursion
2017-05-07 13:51:33,549 INFO c.b.t.c.NodeMapper [main] depth is: 4
2017-05-07 13:51:33,549 INFO c.b.t.c.NodeMapper [main] depth is less than max depth and will call recursion
2017-05-07 13:51:33,567 INFO c.b.t.c.NodeMapper [main] depth is: 5
2017-05-07 13:51:33,568 INFO c.b.t.c.NodeMapper [main] depth is less than max depth and will call recursion
2017-05-07 13:51:33,596 INFO c.b.t.c.NodeMapper [main] depth is: 6
2017-05-07 13:51:33,596 INFO c.b.t.c.NodeMapper [main] depth is greater than max depth
2017-05-07 13:51:33,597 INFO c.b.t.c.NodeMapper [main] New page is created for node named: kak
2017-05-07 13:51:33,597 INFO c.b.t.c.NodeMapper [main] ====================children=================
2017-05-07 13:51:33,597 INFO c.b.t.c.NodeMapper [main] Inside Map Node method
2017-05-07 13:51:33,599 INFO c.b.t.c.NodeMapper [main] mapNodes: mapping node: tat
2017-05-07 13:51:33,599 INFO c.b.t.c.NodeMapper [main] mapIfNeeded: used strategy is: scientific_name
2017-05-07 13:51:33,599 INFO c.b.t.c.NodeMapper [main] mapIfNeeded: needs to be mapped
2017-05-07 13:51:33,604 INFO c.b.t.c.NodeMapper [main] mapIfNeeded: node does not have authority
2017-05-07 13:51:33,604 INFO c.b.t.c.NodeMapper [main] mapIfNeeded: before mapNode
2017-05-07 13:51:33,611 INFO c.b.t.c.NodeMapper [main] map Node : not virus neither surrogate
2017-05-07 13:51:33,630 INFO c.b.t.c.NodeMapper [main] depth is: 1
2017-05-07 13:51:33,631 INFO c.b.t.c.NodeMapper [main] depth is less than max depth and will call recursion
2017-05-07 13:51:33,648 INFO c.b.t.c.NodeMapper [main] depth is: 2
2017-05-07 13:51:33,653 INFO c.b.t.c.NodeMapper [main] depth is less than max depth and will call recursion
2017-05-07 13:51:33,694 INFO c.b.t.c.NodeMapper [main] depth is: 3
2017-05-07 13:51:33,694 INFO c.b.t.c.NodeMapper [main] depth is less than max depth and will call recursion
2017-05-07 13:51:33,701 INFO c.b.t.c.NodeMapper [main] depth is: 4
2017-05-07 13:51:33,725 INFO c.b.t.c.NodeMapper [main] depth is less than max depth and will call recursion
2017-05-07 13:51:33,754 INFO c.b.t.c.NodeMapper [main] depth is: 5
2017-05-07 13:51:33,796 INFO c.b.t.c.NodeMapper [main] depth is less than max depth and will call recursion
2017-05-07 13:51:33,823 INFO c.b.t.c.NodeMapper [main] depth is: 6
2017-05-07 13:51:33,823 INFO c.b.t.c.NodeMapper [main] depth is greater than max depth
2017-05-07 13:51:33,823 INFO c.b.t.c.NodeMapper [main] New page is created for node named: tat
